<?xml version="1.0" encoding="UTF-8"?>
<!-- Generated by org.testng.reporters.JUnitReportReporter -->
<testsuite hostname="MIVICS" failures="0" tests="1" name="com.ExtentReport.ExtentReport" time="6.091" errors="0" timestamp="2024-05-31T13:51:49 WAT" skipped="0">
  <testcase classname="com.ExtentReport.ExtentReport" name="browserTest" time="6.091"/>
  <system-out/>
</testsuite> <!-- com.ExtentReport.ExtentReport -->
