<?xml version="1.0" encoding="UTF-8"?>
<!-- Generated by org.testng.reporters.JUnitReportReporter -->
<testsuite hostname="MIVICS" failures="0" tests="2" name="com.Testcases.LoginTestPart2" time="26.180" errors="0" timestamp="2024-06-01T19:06:21 WAT" skipped="0">
  <testcase classname="com.Testcases.LoginTestPart2" name="confirmLogo" time="9.686"/>
  <system-out/>
  <testcase classname="com.Testcases.LoginTestPart2" name="logDetails" time="16.494"/>
  <system-out/>
</testsuite> <!-- com.Testcases.LoginTestPart2 -->
